<?xml version="1.0" encoding="UTF-8"?>
<testng-results ignored="0" total="1" passed="1" failed="0" skipped="0">
  <reporter-output>
  </reporter-output>
  <suite started-at="2024-03-30T18:44:21 IST" name="Default suite" finished-at="2024-03-30T18:44:31 IST" duration-ms="10077">
    <groups>
      <group name="Games">
        <method signature="Chess_Test.browserOpen()[pri:0, instance:integrationTestCase.Chess_Test@32ee6fee]" name="browserOpen" class="integrationTestCase.Chess_Test"/>
      </group> <!-- Games -->
    </groups>
    <test started-at="2024-03-30T18:44:21 IST" name="Default test" finished-at="2024-03-30T18:44:31 IST" duration-ms="10077">
      <class name="integrationTestCase.Chess_Test">
        <test-method signature="browserOpen()[pri:0, instance:integrationTestCase.Chess_Test@32ee6fee]" started-at="2024-03-30T18:44:21 IST" name="browserOpen" finished-at="2024-03-30T18:44:31 IST" duration-ms="10004" status="PASS">
          <reporter-output>
          </reporter-output>
        </test-method> <!-- browserOpen -->
      </class> <!-- integrationTestCase.Chess_Test -->
    </test> <!-- Default test -->
  </suite> <!-- Default suite -->
</testng-results>
